mode: set
github.com/adilku/vote_server/internal/app/store/simplestore/store.go:11.19,13.2 1 1
github.com/adilku/vote_server/internal/app/store/simplestore/store.go:15.52,16.29 1 1
github.com/adilku/vote_server/internal/app/store/simplestore/store.go:20.2,25.25 2 1
github.com/adilku/vote_server/internal/app/store/simplestore/store.go:16.29,18.3 1 1
github.com/adilku/vote_server/internal/app/store/simplestore/walletrepository.go:13.84,14.33 1 0
github.com/adilku/vote_server/internal/app/store/simplestore/walletrepository.go:14.33,18.3 3 0
github.com/adilku/vote_server/internal/app/store/simplestore/walletrepository.go:18.8,20.3 1 0
github.com/adilku/vote_server/internal/app/store/simplestore/walletrepository.go:23.67,24.32 1 1
github.com/adilku/vote_server/internal/app/store/simplestore/walletrepository.go:27.2,28.21 2 1
github.com/adilku/vote_server/internal/app/store/simplestore/walletrepository.go:31.2,32.12 2 1
github.com/adilku/vote_server/internal/app/store/simplestore/walletrepository.go:24.32,26.3 1 1
github.com/adilku/vote_server/internal/app/store/simplestore/walletrepository.go:28.21,30.3 1 1
github.com/adilku/vote_server/internal/app/store/simplestore/walletrepository.go:35.58,39.2 2 1
github.com/adilku/vote_server/internal/app/store/simplestore/walletrepository.go:41.68,43.12 2 1
github.com/adilku/vote_server/internal/app/store/simplestore/walletrepository.go:47.2,47.48 1 1
github.com/adilku/vote_server/internal/app/store/simplestore/walletrepository.go:43.12,45.3 1 1
github.com/adilku/vote_server/internal/app/walletserver/config.go:9.26,14.2 1 0
github.com/adilku/vote_server/internal/app/walletserver/server.go:18.43,28.2 3 1
github.com/adilku/vote_server/internal/app/walletserver/server.go:30.68,32.2 1 1
github.com/adilku/vote_server/internal/app/walletserver/server.go:34.36,38.2 3 1
github.com/adilku/vote_server/internal/app/walletserver/server.go:41.56,45.54 2 1
github.com/adilku/vote_server/internal/app/walletserver/server.go:45.54,47.61 2 1
github.com/adilku/vote_server/internal/app/walletserver/server.go:51.3,51.75 1 1
github.com/adilku/vote_server/internal/app/walletserver/server.go:47.61,50.4 2 1
github.com/adilku/vote_server/internal/app/walletserver/server.go:51.75,56.62 2 1
github.com/adilku/vote_server/internal/app/walletserver/server.go:60.4,60.47 1 1
github.com/adilku/vote_server/internal/app/walletserver/server.go:56.62,59.5 2 0
github.com/adilku/vote_server/internal/app/walletserver/server.go:61.9,63.4 1 1
github.com/adilku/vote_server/internal/app/walletserver/server.go:67.57,72.54 2 1
github.com/adilku/vote_server/internal/app/walletserver/server.go:72.54,74.61 2 1
github.com/adilku/vote_server/internal/app/walletserver/server.go:78.3,78.78 1 1
github.com/adilku/vote_server/internal/app/walletserver/server.go:82.3,82.38 1 1
github.com/adilku/vote_server/internal/app/walletserver/server.go:74.61,77.4 2 0
github.com/adilku/vote_server/internal/app/walletserver/server.go:78.78,81.4 2 1
github.com/adilku/vote_server/internal/app/walletserver/server.go:86.52,92.54 2 1
github.com/adilku/vote_server/internal/app/walletserver/server.go:92.54,94.61 2 1
github.com/adilku/vote_server/internal/app/walletserver/server.go:98.3,98.95 1 1
github.com/adilku/vote_server/internal/app/walletserver/server.go:102.3,102.38 1 1
github.com/adilku/vote_server/internal/app/walletserver/server.go:94.61,97.4 2 0
github.com/adilku/vote_server/internal/app/walletserver/server.go:98.95,101.4 2 0
github.com/adilku/vote_server/internal/app/walletserver/server.go:106.85,108.2 1 1
github.com/adilku/vote_server/internal/app/walletserver/server.go:110.94,112.17 2 1
github.com/adilku/vote_server/internal/app/walletserver/server.go:112.17,114.3 1 1
github.com/adilku/vote_server/internal/app/walletserver/walletserver.go:9.34,12.16 2 0
github.com/adilku/vote_server/internal/app/walletserver/walletserver.go:15.2,19.48 5 0
github.com/adilku/vote_server/internal/app/walletserver/walletserver.go:12.16,14.3 1 0
github.com/adilku/vote_server/internal/app/walletserver/walletserver.go:22.47,24.16 2 0
github.com/adilku/vote_server/internal/app/walletserver/walletserver.go:27.2,27.34 1 0
github.com/adilku/vote_server/internal/app/walletserver/walletserver.go:30.2,30.16 1 0
github.com/adilku/vote_server/internal/app/walletserver/walletserver.go:24.16,26.3 1 0
github.com/adilku/vote_server/internal/app/walletserver/walletserver.go:27.34,29.3 1 0
github.com/adilku/vote_server/internal/app/store/sqlstore/store.go:15.30,19.2 1 1
github.com/adilku/vote_server/internal/app/store/sqlstore/store.go:21.52,22.29 1 1
github.com/adilku/vote_server/internal/app/store/sqlstore/store.go:26.2,30.25 2 1
github.com/adilku/vote_server/internal/app/store/sqlstore/store.go:22.29,24.3 1 1
github.com/adilku/vote_server/internal/app/store/sqlstore/testing.go:10.75,13.16 3 1
github.com/adilku/vote_server/internal/app/store/sqlstore/testing.go:17.2,17.34 1 1
github.com/adilku/vote_server/internal/app/store/sqlstore/testing.go:21.2,21.36 1 1
github.com/adilku/vote_server/internal/app/store/sqlstore/testing.go:13.16,15.3 1 0
github.com/adilku/vote_server/internal/app/store/sqlstore/testing.go:17.34,19.3 1 0
github.com/adilku/vote_server/internal/app/store/sqlstore/testing.go:21.36,22.22 1 1
github.com/adilku/vote_server/internal/app/store/sqlstore/testing.go:25.3,25.13 1 1
github.com/adilku/vote_server/internal/app/store/sqlstore/testing.go:22.22,24.4 1 1
github.com/adilku/vote_server/internal/app/store/sqlstore/walletrepository.go:12.84,14.16 2 1
github.com/adilku/vote_server/internal/app/store/sqlstore/walletrepository.go:17.2,18.16 2 1
github.com/adilku/vote_server/internal/app/store/sqlstore/walletrepository.go:24.2,25.16 2 1
github.com/adilku/vote_server/internal/app/store/sqlstore/walletrepository.go:28.2,29.16 2 1
github.com/adilku/vote_server/internal/app/store/sqlstore/walletrepository.go:37.2,38.16 2 1
github.com/adilku/vote_server/internal/app/store/sqlstore/walletrepository.go:46.2,47.16 2 1
github.com/adilku/vote_server/internal/app/store/sqlstore/walletrepository.go:51.2,51.12 1 1
github.com/adilku/vote_server/internal/app/store/sqlstore/walletrepository.go:14.16,16.3 1 0
github.com/adilku/vote_server/internal/app/store/sqlstore/walletrepository.go:18.16,20.17 2 0
github.com/adilku/vote_server/internal/app/store/sqlstore/walletrepository.go:20.17,22.4 1 0
github.com/adilku/vote_server/internal/app/store/sqlstore/walletrepository.go:25.16,27.3 1 0
github.com/adilku/vote_server/internal/app/store/sqlstore/walletrepository.go:29.16,31.17 2 1
github.com/adilku/vote_server/internal/app/store/sqlstore/walletrepository.go:34.3,34.42 1 1
github.com/adilku/vote_server/internal/app/store/sqlstore/walletrepository.go:31.17,33.4 1 0
github.com/adilku/vote_server/internal/app/store/sqlstore/walletrepository.go:38.16,40.17 2 0
github.com/adilku/vote_server/internal/app/store/sqlstore/walletrepository.go:43.3,43.42 1 0
github.com/adilku/vote_server/internal/app/store/sqlstore/walletrepository.go:40.17,42.4 1 0
github.com/adilku/vote_server/internal/app/store/sqlstore/walletrepository.go:47.16,49.3 1 0
github.com/adilku/vote_server/internal/app/store/sqlstore/walletrepository.go:54.67,56.16 2 1
github.com/adilku/vote_server/internal/app/store/sqlstore/walletrepository.go:62.2,62.15 1 1
github.com/adilku/vote_server/internal/app/store/sqlstore/walletrepository.go:81.2,81.12 1 1
github.com/adilku/vote_server/internal/app/store/sqlstore/walletrepository.go:56.16,58.17 2 0
github.com/adilku/vote_server/internal/app/store/sqlstore/walletrepository.go:58.17,60.4 1 0
github.com/adilku/vote_server/internal/app/store/sqlstore/walletrepository.go:62.15,67.23 1 1
github.com/adilku/vote_server/internal/app/store/sqlstore/walletrepository.go:67.23,69.4 1 0
github.com/adilku/vote_server/internal/app/store/sqlstore/walletrepository.go:70.8,76.23 2 1
github.com/adilku/vote_server/internal/app/store/sqlstore/walletrepository.go:76.23,78.4 1 1
github.com/adilku/vote_server/internal/app/store/sqlstore/walletrepository.go:84.58,93.2 3 1
github.com/adilku/vote_server/internal/app/store/sqlstore/walletrepository.go:96.68,101.34 2 1
github.com/adilku/vote_server/internal/app/store/sqlstore/walletrepository.go:104.2,104.15 1 1
github.com/adilku/vote_server/internal/app/store/sqlstore/walletrepository.go:101.34,103.3 1 1
